<?xml version="1.0" encoding="UTF-8"?>
<!-- Generated by org.testng.reporters.JUnitReportReporter -->
<testsuite hostname="LAPTOP-A3VH180C" failures="0" tests="1" name="testscripts.AssignmentTask" time="6.280" errors="0" timestamp="2022-09-02T11:44:21 IST" skipped="0">
  <testcase classname="testscripts.AssignmentTask" name="Tasktest" time="6.280"/>
  <system-out>
    <![CDATA[Test case Started.....
Test case Run Successfully.....]]>
  </system-out>
</testsuite> <!-- testscripts.AssignmentTask -->
